<?xml version="1.0" encoding="utf-8"?><testsuites name="pytest tests"><testsuite name="pytest" errors="0" failures="0" skipped="0" tests="12" time="26.418" timestamp="2026-04-07T17:11:50.502847+00:00" hostname="agent-env-ad782d85-771a-4bed-9d31-2bb9922099c5"><testcase classname="backend.tests.test_ai_assistant.TestAIOperatorSuggestion" name="test_suggestion_endpoint_returns_200" time="4.382" /><testcase classname="backend.tests.test_ai_assistant.TestAIOperatorSuggestion" name="test_suggestion_response_structure" time="4.999" /><testcase classname="backend.tests.test_ai_assistant.TestAIOperatorSuggestion" name="test_suggestion_contains_turkish_text" time="5.482" /><testcase classname="backend.tests.test_ai_assistant.TestAIOperatorSuggestion" name="test_suggestion_invalid_machine_returns_404" time="0.183" /><testcase classname="backend.tests.test_ai_assistant.TestAIOperatorSuggestion" name="test_suggestion_missing_params_returns_error" time="0.115" /><testcase classname="backend.tests.test_ai_assistant.TestAIOperatorChat" name="test_chat_endpoint_returns_200" time="1.286" /><testcase classname="backend.tests.test_ai_assistant.TestAIOperatorChat" name="test_chat_response_structure" time="1.514" /><testcase classname="backend.tests.test_ai_assistant.TestAIOperatorChat" name="test_chat_response_is_turkish" time="2.419" /><testcase classname="backend.tests.test_ai_assistant.TestAIOperatorChat" name="test_chat_session_continuity" time="4.453" /><testcase classname="backend.tests.test_ai_assistant.TestAIOperatorChat" name="test_chat_missing_message_returns_error" time="0.116" /><testcase classname="backend.tests.test_ai_assistant.TestAIOperatorChat" name="test_chat_missing_machine_id_returns_error" time="0.122" /><testcase classname="backend.tests.test_ai_assistant.TestAIChatHistoryStorage" name="test_chat_stores_history" time="1.290" /></testsuite></testsuites>