<?xml version="1.0" encoding="utf-8"?><testsuites name="pytest tests"><testsuite name="pytest" errors="0" failures="0" skipped="0" tests="20" time="11.382" timestamp="2026-04-16T17:09:49.494729+00:00" hostname="agent-env-a43d6619-8811-4858-b00a-669c79caa8b4"><testcase classname="backend.tests.test_bobin_module.TestBobinAuth" name="test_bobins_list_requires_auth" time="0.295" /><testcase classname="backend.tests.test_bobin_module.TestBobinAuth" name="test_bobins_create_requires_auth" time="0.200" /><testcase classname="backend.tests.test_bobin_module.TestBobinAuth" name="test_bobins_movements_requires_auth" time="0.143" /><testcase classname="backend.tests.test_bobin_module.TestBobinAuth" name="test_bobins_export_requires_auth" time="0.127" /><testcase classname="backend.tests.test_bobin_module.TestBobinCRUD" name="test_list_bobins" time="0.524" /><testcase classname="backend.tests.test_bobin_module.TestBobinCRUD" name="test_create_new_bobin_type" time="0.154" /><testcase classname="backend.tests.test_bobin_module.TestBobinCRUD" name="test_create_duplicate_bobin_merges_stock" time="0.269" /><testcase classname="backend.tests.test_bobin_module.TestBobinCRUD" name="test_create_bobin_validation" time="0.388" /><testcase classname="backend.tests.test_bobin_module.TestBobinStockOperations" name="test_purchase_add_stock" time="0.297" /><testcase classname="backend.tests.test_bobin_module.TestBobinStockOperations" name="test_purchase_validation" time="0.257" /><testcase classname="backend.tests.test_bobin_module.TestBobinStockOperations" name="test_to_machine_deducts_stock" time="4.292" /><testcase classname="backend.tests.test_bobin_module.TestBobinStockOperations" name="test_to_machine_insufficient_stock" time="0.464" /><testcase classname="backend.tests.test_bobin_module.TestBobinStockOperations" name="test_sale_deducts_stock" time="0.277" /><testcase classname="backend.tests.test_bobin_module.TestBobinStockOperations" name="test_sale_requires_customer_name" time="0.286" /><testcase classname="backend.tests.test_bobin_module.TestBobinMovements" name="test_list_movements" time="0.136" /><testcase classname="backend.tests.test_bobin_module.TestBobinMovements" name="test_filter_movements_by_type" time="0.137" /><testcase classname="backend.tests.test_bobin_module.TestBobinExport" name="test_export_excel" time="0.173" /><testcase classname="backend.tests.test_bobin_module.TestBobinDelete" name="test_delete_bobin_with_stock_rejected" time="0.259" /><testcase classname="backend.tests.test_bobin_module.TestBobinDelete" name="test_delete_bobin_not_found" time="0.193" /><testcase classname="backend.tests.test_bobin_module.TestCleanup" name="test_cleanup_test_bobins" time="2.417" /></testsuite></testsuites>