<?xml version="1.0" encoding="utf-8"?><testsuites name="pytest tests"><testsuite name="pytest" errors="0" failures="0" skipped="0" tests="13" time="4.856" timestamp="2026-04-16T17:33:55.244704+00:00" hostname="agent-env-a43d6619-8811-4858-b00a-669c79caa8b4"><testcase classname="tests.test_bobin_upgrade.TestBarcodeEndpoint" name="test_barcode_endpoint_requires_auth" time="0.372" /><testcase classname="tests.test_bobin_upgrade.TestBarcodeEndpoint" name="test_barcode_endpoint_returns_404_for_nonexistent" time="0.494" /><testcase classname="tests.test_bobin_upgrade.TestBarcodeEndpoint" name="test_create_bobin_with_barcode" time="0.116" /><testcase classname="tests.test_bobin_upgrade.TestBarcodeEndpoint" name="test_get_bobin_by_barcode" time="0.230" /><testcase classname="tests.test_bobin_upgrade.TestBarcodeEndpoint" name="test_create_bobin_with_existing_barcode_merges_stock" time="0.275" /><testcase classname="tests.test_bobin_upgrade.TestRoleAccess" name="test_depo_user_can_access_bobins" time="0.109" /><testcase classname="tests.test_bobin_upgrade.TestRoleAccess" name="test_plan_user_can_access_bobins" time="0.684" /><testcase classname="tests.test_bobin_upgrade.TestRoleAccess" name="test_operator_login_returns_operator_role" time="0.349" /><testcase classname="tests.test_bobin_upgrade.TestColorOptions" name="test_create_bobin_with_beyaz_color" time="0.114" /><testcase classname="tests.test_bobin_upgrade.TestColorOptions" name="test_create_bobin_with_kraft_color" time="0.184" /><testcase classname="tests.test_bobin_upgrade.TestColorOptions" name="test_create_bobin_with_custom_color" time="0.113" /><testcase classname="tests.test_bobin_upgrade.TestExistingBarcodeData" name="test_lookup_existing_barcode_8690101234567" time="0.103" /><testcase classname="tests.test_bobin_upgrade.TestCleanup" name="test_cleanup_test_bobins" time="1.647" /></testsuite></testsuites>