<?xml version="1.0" encoding="utf-8"?><testsuites name="pytest tests"><testsuite name="pytest" errors="0" failures="0" skipped="0" tests="5" time="0.896" timestamp="2026-04-07T16:34:38.017225+00:00" hostname="agent-env-ad782d85-771a-4bed-9d31-2bb9922099c5"><testcase classname="tests.test_daily_detail.TestDailyDetailAnalytics" name="test_daily_detail_with_data" time="0.202" /><testcase classname="tests.test_daily_detail.TestDailyDetailAnalytics" name="test_daily_detail_empty_day" time="0.149" /><testcase classname="tests.test_daily_detail.TestDailyDetailAnalytics" name="test_daily_detail_invalid_date_format" time="0.231" /><testcase classname="tests.test_daily_detail.TestDailyDetailAnalytics" name="test_daily_detail_missing_date_param" time="0.134" /><testcase classname="tests.test_daily_detail.TestDailyDetailAnalytics" name="test_daily_detail_future_date" time="0.119" /></testsuite></testsuites>