<?xml version="1.0" encoding="utf-8"?><testsuites name="pytest tests"><testsuite name="pytest" errors="0" failures="5" skipped="0" tests="13" time="85.566" timestamp="2026-04-08T17:21:38.879360+00:00" hostname="agent-env-ad782d85-771a-4bed-9d31-2bb9922099c5"><testcase classname="backend.tests.test_dashboard_paint_ai.TestLiveDashboard" name="test_dashboard_live_returns_200" time="0.358" /><testcase classname="backend.tests.test_dashboard_paint_ai.TestLiveDashboard" name="test_dashboard_live_has_summary" time="0.157" /><testcase classname="backend.tests.test_dashboard_paint_ai.TestLiveDashboard" name="test_dashboard_live_has_machines_array" time="0.159" /><testcase classname="backend.tests.test_dashboard_paint_ai.TestLiveDashboard" name="test_dashboard_live_has_operator_ranking" time="0.140" /><testcase classname="backend.tests.test_dashboard_paint_ai.TestLiveDashboard" name="test_dashboard_live_has_daily_koli" time="0.121" /><testcase classname="backend.tests.test_dashboard_paint_ai.TestLiveDashboard" name="test_dashboard_live_has_timestamp" time="0.154" /><testcase classname="backend.tests.test_dashboard_paint_ai.TestAIPaintForecast" name="test_paint_forecast_returns_200" time="22.635"><failure message="AssertionError: Expected 200, got 500: {&quot;detail&quot;:&quot;AI servisi hatası: Failed to generate chat completion: litellm.InternalServerError: InternalServerError: OpenAIException - litellm.InternalServerError: InternalServerError: OpenAIException - Connection error.. Received Model Group=gpt-5.2\nAvailable Model Group Fallbacks=None&quot;}&#10;assert 500 == 200&#10; +  where 500 = &lt;Response [500]&gt;.status_code">backend/tests/test_dashboard_paint_ai.py:109: in test_paint_forecast_returns_200
    assert response.status_code == 200, f"Expected 200, got {response.status_code}: {response.text}"
E   AssertionError: Expected 200, got 500: {"detail":"AI servisi hatası: Failed to generate chat completion: litellm.InternalServerError: InternalServerError: OpenAIException - litellm.InternalServerError: InternalServerError: OpenAIException - Connection error.. Received Model Group=gpt-5.2\nAvailable Model Group Fallbacks=None"}
E   assert 500 == 200
E    +  where 500 = &lt;Response [500]&gt;.status_code</failure></testcase><testcase classname="backend.tests.test_dashboard_paint_ai.TestAIPaintForecast" name="test_paint_forecast_has_forecast_text" time="16.227"><failure message="assert 500 == 200&#10; +  where 500 = &lt;Response [500]&gt;.status_code">backend/tests/test_dashboard_paint_ai.py:115: in test_paint_forecast_has_forecast_text
    assert response.status_code == 200
E   assert 500 == 200
E    +  where 500 = &lt;Response [500]&gt;.status_code</failure></testcase><testcase classname="backend.tests.test_dashboard_paint_ai.TestAIPaintForecast" name="test_paint_forecast_has_paints_array" time="15.643"><failure message="assert 500 == 200&#10; +  where 500 = &lt;Response [500]&gt;.status_code">backend/tests/test_dashboard_paint_ai.py:127: in test_paint_forecast_has_paints_array
    assert response.status_code == 200
E   assert 500 == 200
E    +  where 500 = &lt;Response [500]&gt;.status_code</failure></testcase><testcase classname="backend.tests.test_dashboard_paint_ai.TestAIPaintForecast" name="test_paint_forecast_has_critical_count" time="15.536"><failure message="assert 500 == 200&#10; +  where 500 = &lt;Response [500]&gt;.status_code">backend/tests/test_dashboard_paint_ai.py:150: in test_paint_forecast_has_critical_count
    assert response.status_code == 200
E   assert 500 == 200
E    +  where 500 = &lt;Response [500]&gt;.status_code</failure></testcase><testcase classname="backend.tests.test_dashboard_paint_ai.TestAIPaintForecast" name="test_paint_forecast_has_total_paints" time="14.060"><failure message="assert 500 == 200&#10; +  where 500 = &lt;Response [500]&gt;.status_code">backend/tests/test_dashboard_paint_ai.py:161: in test_paint_forecast_has_total_paints
    assert response.status_code == 200
E   assert 500 == 200
E    +  where 500 = &lt;Response [500]&gt;.status_code</failure></testcase><testcase classname="backend.tests.test_dashboard_paint_ai.TestDashboardNoAuth" name="test_dashboard_accessible_without_headers" time="0.152" /><testcase classname="backend.tests.test_dashboard_paint_ai.TestDashboardNoAuth" name="test_dashboard_accessible_with_random_headers" time="0.119" /></testsuite></testsuites>