<?xml version="1.0" encoding="utf-8"?><testsuites name="pytest tests"><testsuite name="pytest" errors="0" failures="0" skipped="0" tests="12" time="2.107" timestamp="2026-04-07T16:50:57.055927+00:00" hostname="agent-env-ad782d85-771a-4bed-9d31-2bb9922099c5"><testcase classname="backend.tests.test_excel_export.TestExcelExport" name="test_weekly_export_returns_200" time="0.177" /><testcase classname="backend.tests.test_excel_export.TestExcelExport" name="test_monthly_export_returns_200" time="0.140" /><testcase classname="backend.tests.test_excel_export.TestExcelExport" name="test_export_content_type_is_excel" time="0.135" /><testcase classname="backend.tests.test_excel_export.TestExcelExport" name="test_export_has_content_disposition" time="0.148" /><testcase classname="backend.tests.test_excel_export.TestExcelExport" name="test_excel_has_4_sheets" time="0.135" /><testcase classname="backend.tests.test_excel_export.TestExcelExport" name="test_sheet_names_are_correct" time="0.139" /><testcase classname="backend.tests.test_excel_export.TestExcelExport" name="test_haftalik_ozet_has_7_day_rows" time="0.140" /><testcase classname="backend.tests.test_excel_export.TestExcelExport" name="test_haftalik_ozet_column_headers" time="0.177" /><testcase classname="backend.tests.test_excel_export.TestExcelExport" name="test_makine_detayi_structure" time="0.151" /><testcase classname="backend.tests.test_excel_export.TestExcelExport" name="test_operator_performansi_structure" time="0.230" /><testcase classname="backend.tests.test_excel_export.TestExcelExport" name="test_defo_raporu_structure" time="0.143" /><testcase classname="backend.tests.test_excel_export.TestExcelExport" name="test_week_offset_minus_1_has_data" time="0.141" /></testsuite></testsuites>