<?xml version="1.0" encoding="utf-8"?><testsuites name="pytest tests"><testsuite name="pytest" errors="0" failures="0" skipped="0" tests="14" time="5.669" timestamp="2026-04-30T19:09:47.984666+00:00" hostname="agent-env-2cb24007-c98f-4db8-9f8e-8af9a56bd45f"><testcase classname="backend.tests.test_iteration27.TestMultiRoleUsers" name="test_create_user_with_roles_list" time="0.552" /><testcase classname="backend.tests.test_iteration27.TestMultiRoleUsers" name="test_create_user_legacy_single_role" time="0.362" /><testcase classname="backend.tests.test_iteration27.TestMultiRoleUsers" name="test_invalid_role_rejected" time="0.132" /><testcase classname="backend.tests.test_iteration27.TestMultiRoleUsers" name="test_login_multi_role_coklu_plan" time="0.342" /><testcase classname="backend.tests.test_iteration27.TestMultiRoleUsers" name="test_login_multi_role_coklu_depo" time="0.342" /><testcase classname="backend.tests.test_iteration27.TestMultiRoleUsers" name="test_login_multi_role_forbidden_operator" time="0.324" /><testcase classname="backend.tests.test_iteration27.TestMultiRoleUsers" name="test_patch_user_roles" time="0.597" /><testcase classname="backend.tests.test_iteration27.TestMultiRoleUsers" name="test_patch_user_roles_invalid" time="0.278" /><testcase classname="backend.tests.test_iteration27.TestMultiRoleUsers" name="test_get_users_returns_roles_array" time="0.109" /><testcase classname="backend.tests.test_iteration27.TestMultiRoleUsers" name="test_get_users_role_filter_covers_roles_list" time="0.117" /><testcase classname="backend.tests.test_iteration27.TestMultiRoleUsers" name="test_regression_legacy_logins" time="1.041" /><testcase classname="backend.tests.test_iteration27.TestMultiRoleUsers" name="test_cleanup" time="0.362" /><testcase classname="backend.tests.test_iteration27.TestAnalyticsBugFix" name="test_daily_by_week_endpoint_shape" time="0.126" /><testcase classname="backend.tests.test_iteration27.TestAnalyticsBugFix" name="test_daily_by_week_reflects_shift_end_report_for_pending_job" time="0.931" /></testsuite></testsuites>