<?xml version="1.0" encoding="utf-8"?><testsuites name="pytest tests"><testsuite name="pytest" errors="0" failures="0" skipped="0" tests="4" time="5.418" timestamp="2026-07-26T18:26:12.501909+00:00" hostname="agent-env-7503c089-b01f-4c21-b237-946afd4351f6"><testcase classname="backend.tests.test_iter47_notif_dedup" name="test_complete_job_idempotent" time="1.964" /><testcase classname="backend.tests.test_iter47_notif_dedup" name="test_chat_history_has_single_event_key_across_channels" time="3.401" /><testcase classname="backend.tests.test_iter47_notif_dedup" name="test_push_dedup_and_token_dedup_code_present" time="0.000" /><testcase classname="backend.tests.test_iter47_notif_dedup" name="test_jobs_complete_route_has_idempotent_guard" time="0.000" /></testsuite></testsuites>