<?xml version="1.0" encoding="utf-8"?><testsuites name="pytest tests"><testsuite name="pytest" errors="0" failures="0" skipped="0" tests="19" time="7.932" timestamp="2026-06-14T17:37:15.704101+00:00" hostname="agent-env-88fa7e30-df1e-46b0-8db2-80fd927e6944"><testcase classname="backend.tests.test_chat_messenger.TestConversations" name="test_list_returns_14_for_admin" time="0.465" /><testcase classname="backend.tests.test_chat_messenger.TestConversations" name="test_conversation_has_required_fields" time="0.147" /><testcase classname="backend.tests.test_chat_messenger.TestConversations" name="test_operator_does_not_see_admin_channels" time="0.494" /><testcase classname="backend.tests.test_chat_messenger.TestTemplates" name="test_admin_sees_all_templates" time="0.108" /><testcase classname="backend.tests.test_chat_messenger.TestTemplates" name="test_operator_sees_role_filtered" time="0.108" /><testcase classname="backend.tests.test_chat_messenger.TestMessages" name="test_send_message_to_genel" time="0.247" /><testcase classname="backend.tests.test_chat_messenger.TestMessages" name="test_list_messages" time="0.109" /><testcase classname="backend.tests.test_chat_messenger.TestMessages" name="test_non_participant_cannot_list" time="0.243" /><testcase classname="backend.tests.test_chat_messenger.TestMessages" name="test_mark_read" time="0.108" /><testcase classname="backend.tests.test_chat_messenger.TestMessages" name="test_empty_message_rejected" time="0.104" /><testcase classname="backend.tests.test_chat_messenger.TestUnread" name="test_unread_total_for_admin" time="0.111" /><testcase classname="backend.tests.test_chat_messenger.TestDM" name="test_open_dm_creates_or_returns" time="0.317" /><testcase classname="backend.tests.test_chat_messenger.TestDM" name="test_dm_self_rejected" time="0.205" /><testcase classname="backend.tests.test_chat_messenger.TestMisc" name="test_users_list_excludes_self" time="0.110" /><testcase classname="backend.tests.test_chat_messenger.TestMisc" name="test_vapid_key" time="0.097" /><testcase classname="backend.tests.test_chat_messenger.TestMisc" name="test_unauthorized_blocked" time="0.097" /><testcase classname="backend.tests.test_chat_messenger.TestUpload" name="test_small_png_upload" time="0.106" /><testcase classname="backend.tests.test_chat_messenger.TestAutoTriggers" name="test_bobin_request_creates_auto_event" time="2.351" /><testcase classname="backend.tests.test_chat_messenger.TestAutoTriggers" name="test_paint_request_creates_auto_event" time="2.318" /></testsuite></testsuites>