<?xml version="1.0" encoding="utf-8"?><testsuites name="pytest tests"><testsuite name="pytest" errors="0" failures="0" skipped="0" tests="3" time="1.387" timestamp="2026-07-26T19:12:43.308786+00:00" hostname="agent-env-7503c089-b01f-4c21-b237-946afd4351f6"><testcase classname="backend.tests.test_iter50_pending_order" name="test_pending_sorted_by_order_asc" time="0.487" /><testcase classname="backend.tests.test_iter50_pending_order" name="test_completed_still_sorted_by_created_at" time="0.098" /><testcase classname="backend.tests.test_iter50_pending_order" name="test_reorder_reflects_in_get" time="0.748" /></testsuite></testsuites>