<?xml version="1.0" encoding="utf-8"?><testsuites name="pytest tests"><testsuite name="pytest" errors="0" failures="0" skipped="0" tests="4" time="0.335" timestamp="2026-07-26T18:12:01.868551+00:00" hostname="agent-env-7503c089-b01f-4c21-b237-946afd4351f6"><testcase classname="backend.tests.test_audit_logs_iter46" name="test_audit_logs_all_string_fields" time="0.245" /><testcase classname="backend.tests.test_audit_logs_iter46" name="test_badlegacy_record_present_and_stringified" time="0.012" /><testcase classname="backend.tests.test_audit_logs_iter46" name="test_pagination_works" time="0.009" /><testcase classname="backend.tests.test_audit_logs_iter46" name="test_customer_create_writes_correct_audit" time="0.014" /></testsuite></testsuites>