<?xml version="1.0" encoding="utf-8"?><testsuites name="pytest tests"><testsuite name="pytest" errors="0" failures="0" skipped="0" tests="11" time="5.755" timestamp="2026-05-13T15:32:37.815669+00:00" hostname="agent-env-2cb24007-c98f-4db8-9f8e-8af9a56bd45f"><testcase classname="backend.tests.test_iteration37_payload.TestJobsPayload" name="test_jobs_list_no_image_url_has_flag" time="0.535" /><testcase classname="backend.tests.test_iteration37_payload.TestJobsPayload" name="test_get_job_image_lazy_endpoint_200" time="0.535" /><testcase classname="backend.tests.test_iteration37_payload.TestJobsPayload" name="test_get_job_image_unauthorized" time="0.151" /><testcase classname="backend.tests.test_iteration37_payload.TestBobinAtomic" name="test_to_machine_atomic_decrement_1947_minus_970" time="1.040" /><testcase classname="backend.tests.test_iteration37_payload.TestBobinAtomic" name="test_to_machine_insufficient_stock_400" time="0.773" /><testcase classname="backend.tests.test_iteration37_payload.TestBobinAtomic" name="test_sale_atomic_decrement" time="0.638" /><testcase classname="backend.tests.test_iteration37_payload.TestBobinAtomic" name="test_recalculate_fixes_corrupted_weight" time="0.811" /><testcase classname="backend.tests.test_iteration37_payload.TestVisitorsPayload" name="test_visitors_default_limit_50_no_user_agent" time="0.140" /><testcase classname="backend.tests.test_iteration37_payload.TestDashboardPayload" name="test_dashboard_live_no_image_url" time="0.257" /><testcase classname="backend.tests.test_iteration37_payload.TestBackup" name="test_backup_list" time="0.127" /><testcase classname="backend.tests.test_iteration37_payload.TestBackup" name="test_backup_run_python_fallback" time="0.694" /></testsuite></testsuites>