<?xml version="1.0" encoding="utf-8"?><testsuites name="pytest tests"><testsuite name="pytest" errors="0" failures="0" skipped="0" tests="10" time="2.896" timestamp="2026-04-30T17:36:39.502658+00:00" hostname="agent-env-2cb24007-c98f-4db8-9f8e-8af9a56bd45f"><testcase classname="backend.tests.test_iteration23.TestUserLogin" name="test_depo1_login" time="0.404" /><testcase classname="backend.tests.test_iteration23.TestUserLogin" name="test_emrecan_plan_login" time="0.416" /><testcase classname="backend.tests.test_iteration23.TestUserLogin" name="test_ali_operator_login" time="0.352" /><testcase classname="backend.tests.test_iteration23.TestUserLogin" name="test_invalid_login" time="0.165" /><testcase classname="backend.tests.test_iteration23.TestBobinAccess" name="test_depo_can_access_bobins" time="0.462" /><testcase classname="backend.tests.test_iteration23.TestBobinAccess" name="test_plan_can_access_bobins" time="0.457" /><testcase classname="backend.tests.test_iteration23.TestBobinAccess" name="test_bobins_no_auth" time="0.119" /><testcase classname="backend.tests.test_iteration23.TestManagementAuditLogs" name="test_management_login" time="0.108" /><testcase classname="backend.tests.test_iteration23.TestManagementAuditLogs" name="test_audit_logs_page_0" time="0.122" /><testcase classname="backend.tests.test_iteration23.TestManagementAuditLogs" name="test_audit_logs_page_1_different" time="0.225" /></testsuite></testsuites>