<?xml version="1.0" encoding="utf-8"?><testsuites name="pytest tests"><testsuite name="pytest" errors="0" failures="0" skipped="0" tests="12" time="15.396" timestamp="2026-06-14T18:02:21.726868+00:00" hostname="agent-env-88fa7e30-df1e-46b0-8db2-80fd927e6944"><testcase classname="backend.tests.test_iteration44_quick_request.TestSuggestedUsers" name="test_returns_max_limit" time="0.528" /><testcase classname="backend.tests.test_iteration44_quick_request.TestSuggestedUsers" name="test_operator_target_roles" time="0.110" /><testcase classname="backend.tests.test_iteration44_quick_request.TestSuggestedUsers" name="test_self_excluded" time="0.124" /><testcase classname="backend.tests.test_iteration44_quick_request.TestNotificationSettings" name="test_get_default" time="0.451" /><testcase classname="backend.tests.test_iteration44_quick_request.TestNotificationSettings" name="test_operator_cannot_update" time="0.130" /><testcase classname="backend.tests.test_iteration44_quick_request.TestNotificationSettings" name="test_admin_can_update_and_merge" time="0.106" /><testcase classname="backend.tests.test_iteration44_quick_request.TestQuickRequest" name="test_bobin_creates_warehouse_request_and_auto_event" time="2.023" /><testcase classname="backend.tests.test_iteration44_quick_request.TestQuickRequest" name="test_paint_creates_auto_event" time="2.088" /><testcase classname="backend.tests.test_iteration44_quick_request.TestQuickRequest" name="test_maintenance_creates_auto_event" time="1.930" /><testcase classname="backend.tests.test_iteration44_quick_request.TestQuickRequest" name="test_emergency_creates_auto_event_in_multiple_channels" time="3.823" /><testcase classname="backend.tests.test_iteration44_quick_request.TestQuickRequest" name="test_invalid_kind_returns_400" time="0.115" /><testcase classname="backend.tests.test_iteration44_quick_request.TestSettingsDisable" name="test_disable_bobin_skips_notification" time="3.914" /></testsuite></testsuites>