<?xml version="1.0" encoding="utf-8"?><testsuites name="pytest tests"><testsuite name="pytest" errors="0" failures="0" skipped="0" tests="7" time="6.089" timestamp="2026-04-30T18:08:58.150701+00:00" hostname="agent-env-2cb24007-c98f-4db8-9f8e-8af9a56bd45f"><testcase classname="backend.tests.test_iteration24" name="test_management_login" time="1.172" /><testcase classname="backend.tests.test_iteration24" name="test_operator_login" time="1.344" /><testcase classname="backend.tests.test_iteration24" name="test_plan_login" time="1.458" /><testcase classname="backend.tests.test_iteration24" name="test_jobs_endpoint" time="1.397" /><testcase classname="backend.tests.test_iteration24" name="test_machines_endpoint" time="0.110" /><testcase classname="backend.tests.test_iteration24" name="test_shifts_current_endpoint" time="0.127" /><testcase classname="backend.tests.test_iteration24" name="test_audit_logs_pagination" time="0.429" /></testsuite></testsuites>