<?xml version="1.0" encoding="utf-8"?><testsuites name="pytest tests"><testsuite name="pytest" errors="0" failures="0" skipped="0" tests="8" time="1.578" timestamp="2026-05-19T17:39:45.629566+00:00" hostname="agent-env-2cb24007-c98f-4db8-9f8e-8af9a56bd45f"><testcase classname="backend.tests.test_expected_koli_summary.TestExpectedSummaryAuth" name="test_requires_auth" time="0.349" /><testcase classname="backend.tests.test_expected_koli_summary.TestExpectedSummaryShape" name="test_response_shape" time="0.379" /><testcase classname="backend.tests.test_expected_koli_summary.TestExpectedSummaryCalculation" name="test_calculation_matches_active_jobs" time="0.148" /><testcase classname="backend.tests.test_expected_koli_summary.TestExpectedSummaryCalculation" name="test_completed_jobs_excluded" time="0.141" /><testcase classname="backend.tests.test_expected_koli_summary.TestExpectedSummaryMachineFilter" name="test_machine_id_filter" time="0.151" /><testcase classname="backend.tests.test_expected_koli_summary.TestExpectedSummaryMachineFilter" name="test_machine_filter_unknown_returns_zero" time="0.071" /><testcase classname="backend.tests.test_expected_koli_summary.TestDashboardLiveExpectedSummary" name="test_dashboard_live_has_expected_summary" time="0.139" /><testcase classname="backend.tests.test_expected_koli_summary.TestDashboardLiveExpectedSummary" name="test_dashboard_summary_matches_jobs_endpoint" time="0.150" /></testsuite></testsuites>