<?xml version="1.0" encoding="utf-8"?><testsuites name="pytest tests"><testsuite name="pytest" errors="0" failures="0" skipped="0" tests="20" time="91.441" timestamp="2026-07-26T19:39:10.921962+00:00" hostname="agent-env-7503c089-b01f-4c21-b237-946afd4351f6"><testcase classname="backend.tests.test_iter51_ai_panel_claude" name="test_panel_info_returns_claude" time="0.459" /><testcase classname="backend.tests.test_iter51_ai_panel_claude" name="test_management_overview" time="12.126" /><testcase classname="backend.tests.test_iter51_ai_panel_claude" name="test_management_chat" time="4.541" /><testcase classname="backend.tests.test_iter51_ai_panel_claude" name="test_paint_forecast" time="11.994" /><testcase classname="backend.tests.test_iter51_ai_panel_claude" name="test_panel_chat_all_panels[plan-Bug\xfcn en kritik i\u015f hangisi?]" time="5.762" /><testcase classname="backend.tests.test_iter51_ai_panel_claude" name="test_panel_chat_all_panels[boyaci-S\u0131radaki i\u015fi k\u0131saca s\xf6yle]" time="1.688" /><testcase classname="backend.tests.test_iter51_ai_panel_claude" name="test_panel_chat_all_panels[depo-Bekleyen depo talebi var m\u0131?]" time="4.635" /><testcase classname="backend.tests.test_iter51_ai_panel_claude" name="test_panel_chat_all_panels[bobin-Kritik bobin var m\u0131?]" time="4.043" /><testcase classname="backend.tests.test_iter51_ai_panel_claude" name="test_panel_chat_all_panels[marka_stok-D\xfc\u015f\xfck stok var m\u0131?]" time="3.752" /><testcase classname="backend.tests.test_iter51_ai_panel_claude" name="test_panel_chat_all_panels[sofor-Aktif sevkiyat var m\u0131?]" time="6.111" /><testcase classname="backend.tests.test_iter51_ai_panel_claude" name="test_panel_chat_all_panels[paint-Kritik boya var m\u0131?]" time="6.105" /><testcase classname="backend.tests.test_iter51_ai_panel_claude" name="test_panel_chat_all_panels[operator-Vardiyada nelere dikkat etmeliyim?]" time="6.996" /><testcase classname="backend.tests.test_iter51_ai_panel_claude" name="test_panel_chat_all_panels[yonetim-Fabrika \xf6zetini ver]" time="6.285" /><testcase classname="backend.tests.test_iter51_ai_panel_claude" name="test_rbac_boyaci_denied_bobin" time="0.444" /><testcase classname="backend.tests.test_iter51_ai_panel_claude" name="test_rbac_boyaci_denied_depo" time="0.100" /><testcase classname="backend.tests.test_iter51_ai_panel_claude" name="test_rbac_boyaci_allowed_boyaci" time="3.884" /><testcase classname="backend.tests.test_iter51_ai_panel_claude" name="test_rbac_boyaci_allowed_paint" time="5.000" /><testcase classname="backend.tests.test_iter51_ai_panel_claude" name="test_invalid_panel" time="0.118" /><testcase classname="backend.tests.test_iter51_ai_panel_claude" name="test_empty_message" time="0.104" /><testcase classname="backend.tests.test_iter51_ai_panel_claude" name="test_persistent_history_and_delete" time="7.226" /></testsuite></testsuites>