<?xml version="1.0" encoding="utf-8"?><testsuites name="pytest tests"><testsuite name="pytest" errors="0" failures="0" skipped="0" tests="6" time="4.825" timestamp="2026-07-26T18:48:21.930163+00:00" hostname="agent-env-7503c089-b01f-4c21-b237-946afd4351f6"><testcase classname="backend.tests.test_iter48_boyaci" name="test_boyaci_login_returns_token" time="0.368" /><testcase classname="backend.tests.test_iter48_boyaci" name="test_admin_can_create_boyaci_user" time="1.071" /><testcase classname="backend.tests.test_iter48_boyaci" name="test_boyaci_can_read_core_endpoints" time="0.459" /><testcase classname="backend.tests.test_iter48_boyaci" name="test_reorder_batch_with_boyaci_token_persists" time="0.659" /><testcase classname="backend.tests.test_iter48_boyaci" name="test_boyaci_can_start_and_complete_job" time="1.257" /><testcase classname="backend.tests.test_iter48_boyaci" name="test_regression_plan_user_still_works" time="0.951" /></testsuite></testsuites>