<?xml version="1.0" encoding="utf-8"?><testsuites name="pytest tests"><testsuite name="pytest" errors="0" failures="0" skipped="0" tests="12" time="3.547" timestamp="2026-03-31T16:43:55.753431+00:00" hostname="agent-env-2c38d060-4052-4df5-95e3-87faed46a2cc"><testcase classname="backend.tests.test_iteration6_features.TestAuditLogAPI" name="test_audit_logs_endpoint_returns_200" time="0.214" /><testcase classname="backend.tests.test_iteration6_features.TestAuditLogAPI" name="test_audit_logs_response_structure" time="0.109" /><testcase classname="backend.tests.test_iteration6_features.TestAuditLogAPI" name="test_audit_log_entry_structure" time="0.119" /><testcase classname="backend.tests.test_iteration6_features.TestJobCreationAuditLog" name="test_create_job_creates_audit_log" time="1.073" /><testcase classname="backend.tests.test_iteration6_features.TestJobStartAuditLog" name="test_start_job_creates_audit_log" time="1.188" /><testcase classname="backend.tests.test_iteration6_features.TestUserLogin" name="test_operator_login" time="0.119" /><testcase classname="backend.tests.test_iteration6_features.TestUserLogin" name="test_plan_login" time="0.111" /><testcase classname="backend.tests.test_iteration6_features.TestUserLogin" name="test_warehouse_login" time="0.112" /><testcase classname="backend.tests.test_iteration6_features.TestUserLogin" name="test_invalid_login_returns_error" time="0.111" /><testcase classname="backend.tests.test_iteration6_features.TestHealthAndBasicEndpoints" name="test_health_endpoint" time="0.127" /><testcase classname="backend.tests.test_iteration6_features.TestHealthAndBasicEndpoints" name="test_machines_endpoint" time="0.106" /><testcase classname="backend.tests.test_iteration6_features.TestHealthAndBasicEndpoints" name="test_jobs_endpoint" time="0.108" /></testsuite></testsuites>