<?xml version="1.0" encoding="utf-8"?><testsuites name="pytest tests"><testsuite name="pytest" errors="0" failures="2" skipped="0" tests="24" time="11.026" timestamp="2026-06-05T17:10:14.951684+00:00" hostname="agent-env-2cb24007-c98f-4db8-9f8e-8af9a56bd45f"><testcase classname="backend.tests.test_iteration39_security.TestRefreshFlow" name="test_login_returns_token_pair" time="0.355" /><testcase classname="backend.tests.test_iteration39_security.TestRefreshFlow" name="test_refresh_rotation_and_old_revoked" time="0.475" /><testcase classname="backend.tests.test_iteration39_security.TestLockout" name="test_lockout_after_5_failures" time="0.942" /><testcase classname="backend.tests.test_iteration39_security.TestSecurityHeaders" name="test_health_headers" time="0.129" /><testcase classname="backend.tests.test_iteration39_security.TestPIIEncryption" name="test_user_phone_encrypted_in_db_decrypted_in_api" time="1.004" /><testcase classname="backend.tests.test_iteration39_security.TestAuditChain" name="test_audit_chain_valid" time="0.231" /><testcase classname="backend.tests.test_iteration39_security.TestAuditChain" name="test_audit_chain_after_event" time="0.748" /><testcase classname="backend.tests.test_iteration39_security.TestAuditAlarms" name="test_alarms_listed_and_ack" time="1.269"><failure message="AssertionError: no alarms returned: {'items': [{'id': '9997026f-a13c-49ae-9419-01b0e9fcbd2c', 'action': 'user_delete', 'actor': 'Yönetim', 'entity_type': 'user', 'entity_id': '00e33a8f-84ee-49d4-9bf1-2cba2509b5ba', 'severity': 'critical', 'metadata': {'username': 'TEST_alarm_14fb75'}, 'acknowledged': False, 'created_at': '2026-06-05T17:10:19.499898+00:00'}, {'id': '568b51c4-0e6b-4b4f-b405-bd01f5c212d2', 'action': 'user_create', 'actor': 'Yönetim', 'entity_type': 'user', 'entity_id': '00e33a8f-84ee-49d4-9bf1-2cba2509b5ba', 'severity': 'info', 'metadata': {'roles': ['plan']}, 'acknowledged': False, 'created_at': '2026-06-05T17:10:19.369536+00:00'}, {'id': 'e7e7ab5d-fe10-4248-99ec-af6e5fb5880b', 'action': 'user_delete', 'actor': 'Yönetim', 'entity_type': 'user', 'entity_id': '402d1c7f-6c23-4ea6-8d46-1effadb2c17c', 'severity': 'critical', 'metadata': {'username': 'TEST_audit_d0365b'}, 'acknowledged': False, 'created_at': '2026-06-05T17:10:18.763696+00:00'}, {'id': '1b1e4346-9b9b-4046-b7d0-bd09960ed716', 'action': 'user_create', 'actor': 'Yönetim', 'entity_type': 'user', 'entity_id': '402d1c7f-6c23-4ea6-8d46-1effadb2c17c', 'severity': 'info', 'metadata': {'roles': ['plan']}, 'acknowledged': False, 'created_at': '2026-06-05T17:10:18.642118+00:00'}, {'id': '5c75ce23-59ce-4f7b-9f8f-78bc2fc28537', 'action': 'user_delete', 'actor': 'Yönetim', 'entity_type': 'user', 'entity_id': 'a4530d1e-e319-46c6-93c4-65023d5e7239', 'severity': 'critical', 'metadata': {'username': 'TEST_pii_f00673'}, 'acknowledged': False, 'created_at': '2026-06-05T17:10:17.893079+00:00'}, {'id': '27e96b70-419e-4a9d-b0da-cf5624473018', 'action': 'user_create', 'actor': 'Yönetim', 'entity_type': 'user', 'entity_id': 'a4530d1e-e319-46c6-93c4-65023d5e7239', 'severity': 'info', 'metadata': {'roles': ['plan']}, 'acknowledged': False, 'created_at': '2026-06-05T17:10:17.674027+00:00'}, {'id': 'd5cf7195-36ca-4e8b-ad6a-362c44ab9a9e', 'action': 'auth_failed_5x', 'actor': 'nonexistent_qa_9df663', 'entity_type': 'user', 'entity_id': '', 'severity': 'critical', 'metadata': {'ip': '34.170.12.145', 'reason': 'user_not_found'}, 'acknowledged': False, 'created_at': '2026-06-05T17:10:16.414286+00:00'}], 'count': 7}&#10;assert []">backend/tests/test_iteration39_security.py:169: in test_alarms_listed_and_ack
    assert items, f"no alarms returned: {a.json()}"
E   AssertionError: no alarms returned: {'items': [{'id': '9997026f-a13c-49ae-9419-01b0e9fcbd2c', 'action': 'user_delete', 'actor': 'Yönetim', 'entity_type': 'user', 'entity_id': '00e33a8f-84ee-49d4-9bf1-2cba2509b5ba', 'severity': 'critical', 'metadata': {'username': 'TEST_alarm_14fb75'}, 'acknowledged': False, 'created_at': '2026-06-05T17:10:19.499898+00:00'}, {'id': '568b51c4-0e6b-4b4f-b405-bd01f5c212d2', 'action': 'user_create', 'actor': 'Yönetim', 'entity_type': 'user', 'entity_id': '00e33a8f-84ee-49d4-9bf1-2cba2509b5ba', 'severity': 'info', 'metadata': {'roles': ['plan']}, 'acknowledged': False, 'created_at': '2026-06-05T17:10:19.369536+00:00'}, {'id': 'e7e7ab5d-fe10-4248-99ec-af6e5fb5880b', 'action': 'user_delete', 'actor': 'Yönetim', 'entity_type': 'user', 'entity_id': '402d1c7f-6c23-4ea6-8d46-1effadb2c17c', 'severity': 'critical', 'metadata': {'username': 'TEST_audit_d0365b'}, 'acknowledged': False, 'created_at': '2026-06-05T17:10:18.763696+00:00'}, {'id': '1b1e4346-9b9b-4046-b7d0-bd09960ed716', 'action': 'user_create', 'actor': 'Yönetim', 'entity_type': 'user', 'entity_id': '402d1c7f-6c23-4ea6-8d46-1effadb2c17c', 'severity': 'info', 'metadata': {'roles': ['plan']}, 'acknowledged': False, 'created_at': '2026-06-05T17:10:18.642118+00:00'}, {'id': '5c75ce23-59ce-4f7b-9f8f-78bc2fc28537', 'action': 'user_delete', 'actor': 'Yönetim', 'entity_type': 'user', 'entity_id': 'a4530d1e-e319-46c6-93c4-65023d5e7239', 'severity': 'critical', 'metadata': {'username': 'TEST_pii_f00673'}, 'acknowledged': False, 'created_at': '2026-06-05T17:10:17.893079+00:00'}, {'id': '27e96b70-419e-4a9d-b0da-cf5624473018', 'action': 'user_create', 'actor': 'Yönetim', 'entity_type': 'user', 'entity_id': 'a4530d1e-e319-46c6-93c4-65023d5e7239', 'severity': 'info', 'metadata': {'roles': ['plan']}, 'acknowledged': False, 'created_at': '2026-06-05T17:10:17.674027+00:00'}, {'id': 'd5cf7195-36ca-4e8b-ad6a-362c44ab9a9e', 'action': 'auth_failed_5x', 'actor': 'nonexistent_qa_9df663', 'entity_type': 'user', 'entity_id': '', 'severity': 'critical', 'metadata': {'ip': '34.170.12.145', 'reason': 'user_not_found'}, 'acknowledged': False, 'created_at': '2026-06-05T17:10:16.414286+00:00'}], 'count': 7}
E   assert []</failure></testcase><testcase classname="backend.tests.test_iteration39_security.TestLockoutsAdmin" name="test_lockouts_list_and_clear" time="1.045" /><testcase classname="backend.tests.test_iteration39_security.TestSecurityStatus" name="test_status" time="0.231" /><testcase classname="backend.tests.test_iteration39_security.TestBackupEncryption" name="test_run_and_verify_backup" time="1.260" /><testcase classname="backend.tests.test_iteration39_security.TestInputValidation" name="test_login_empty_username_422" time="0.124" /><testcase classname="backend.tests.test_iteration39_security.TestInputValidation" name="test_login_one_char_username_422" time="0.123"><failure message="AssertionError: 1 char username expected 422 got 401: {&quot;detail&quot;:&quot;Geçersiz kullanıcı adı veya şifre&quot;}&#10;assert 401 == 422&#10; +  where 401 = &lt;Response [401]&gt;.status_code">backend/tests/test_iteration39_security.py:249: in test_login_one_char_username_422
    assert r.status_code == 422, f"1 char username expected 422 got {r.status_code}: {r.text}"
E   AssertionError: 1 char username expected 422 got 401: {"detail":"Geçersiz kullanıcı adı veya şifre"}
E   assert 401 == 422
E    +  where 401 = &lt;Response [401]&gt;.status_code</failure></testcase><testcase classname="backend.tests.test_iteration39_security.TestInputValidation" name="test_create_user_short_username_422" time="0.215" /><testcase classname="backend.tests.test_iteration39_security.TestInputValidation" name="test_create_user_invalid_phone_422" time="0.238" /><testcase classname="backend.tests.test_iteration39_security.TestExistingAuth" name="test_user_logins[creds0-/api/users/login]" time="0.346" /><testcase classname="backend.tests.test_iteration39_security.TestExistingAuth" name="test_user_logins[creds1-/api/users/login]" time="0.331" /><testcase classname="backend.tests.test_iteration39_security.TestExistingAuth" name="test_user_logins[creds2-/api/users/login]" time="0.332" /><testcase classname="backend.tests.test_iteration39_security.TestExistingAuth" name="test_management_login" time="0.398" /><testcase classname="backend.tests.test_iteration39_security.TestExistingAuth" name="test_dashboard_login" time="0.120" /><testcase classname="backend.tests.test_iteration39_security.TestNoRegression" name="test_dashboard_live" time="0.284" /><testcase classname="backend.tests.test_iteration39_security.TestNoRegression" name="test_jobs_ok" time="0.228" /><testcase classname="backend.tests.test_iteration39_security.TestNoRegression" name="test_users_role_filter" time="0.224" /><testcase classname="backend.tests.test_iteration39_security.TestNoRegression" name="test_machines_init" time="0.265" /></testsuite></testsuites>