<?xml version="1.0" encoding="utf-8"?><testsuites name="pytest tests"><testsuite name="pytest" errors="0" failures="0" skipped="0" tests="12" time="2.464" timestamp="2026-04-10T17:08:47.866527+00:00" hostname="agent-env-a43d6619-8811-4858-b00a-669c79caa8b4"><testcase classname="backend.tests.test_new_features_v16.TestCustomerTracking" name="test_track_valid_code_returns_job_info" time="0.426" /><testcase classname="backend.tests.test_new_features_v16.TestCustomerTracking" name="test_track_invalid_code_returns_404" time="0.166" /><testcase classname="backend.tests.test_new_features_v16.TestCustomerTracking" name="test_track_response_has_status_text" time="0.287" /><testcase classname="backend.tests.test_new_features_v16.TestCustomerTracking" name="test_track_sample_code_qpf64llj" time="0.144" /><testcase classname="backend.tests.test_new_features_v16.TestDragDropReorder" name="test_reorder_batch_endpoint_exists" time="0.103" /><testcase classname="backend.tests.test_new_features_v16.TestDragDropReorder" name="test_reorder_batch_updates_order" time="0.207" /><testcase classname="backend.tests.test_new_features_v16.TestDragDropReorder" name="test_reorder_batch_with_invalid_job_id" time="0.174" /><testcase classname="backend.tests.test_new_features_v16.TestTrackingCodeField" name="test_jobs_have_tracking_code" time="0.127" /><testcase classname="backend.tests.test_new_features_v16.TestTrackingCodeField" name="test_tracking_code_format" time="0.130" /><testcase classname="backend.tests.test_new_features_v16.TestTrackingCodeField" name="test_new_job_gets_tracking_code" time="0.348" /><testcase classname="backend.tests.test_new_features_v16.TestHealthCheck" name="test_api_health" time="0.160" /><testcase classname="backend.tests.test_new_features_v16.TestHealthCheck" name="test_machines_endpoint" time="0.126" /></testsuite></testsuites>