<?xml version="1.0" encoding="utf-8"?><testsuites name="pytest tests"><testsuite name="pytest" errors="0" failures="0" skipped="0" tests="11" time="2.145" timestamp="2026-04-13T15:50:59.834187+00:00" hostname="agent-env-a43d6619-8811-4858-b00a-669c79caa8b4"><testcase classname="backend.tests.test_iteration17_features.TestTrackingEndpoint" name="test_get_jobs_for_tracking_code" time="0.314" /><testcase classname="backend.tests.test_iteration17_features.TestTrackingEndpoint" name="test_tracking_endpoint_returns_started_at_tr" time="0.286" /><testcase classname="backend.tests.test_iteration17_features.TestTrackingEndpoint" name="test_tracking_endpoint_invalid_token" time="0.163" /><testcase classname="backend.tests.test_iteration17_features.TestTrackingEndpoint" name="test_tracking_started_at_tr_format" time="0.244" /><testcase classname="backend.tests.test_iteration17_features.TestOperatorsListEndpoint" name="test_operators_list_endpoint_exists" time="0.150" /><testcase classname="backend.tests.test_iteration17_features.TestOperatorsListEndpoint" name="test_operators_list_structure" time="0.109" /><testcase classname="backend.tests.test_iteration17_features.TestOperatorsListEndpoint" name="test_operators_list_has_expected_operators" time="0.181" /><testcase classname="backend.tests.test_iteration17_features.TestDashboardLiveEndpoint" name="test_dashboard_live_endpoint" time="0.217" /><testcase classname="backend.tests.test_iteration17_features.TestJobsHaveTrackingCode" name="test_jobs_have_tracking_code" time="0.121" /><testcase classname="backend.tests.test_iteration17_features.TestJobsHaveTrackingCode" name="test_in_progress_jobs_have_tracking_code" time="0.170" /><testcase classname="backend.tests.test_iteration17_features.TestHealthCheck" name="test_api_health" time="0.113" /></testsuite></testsuites>