<?xml version="1.0" encoding="utf-8"?><testsuites name="pytest tests"><testsuite name="pytest" errors="0" failures="0" skipped="0" tests="14" time="15.389" timestamp="2026-05-05T20:47:28.612495+00:00" hostname="agent-env-2cb24007-c98f-4db8-9f8e-8af9a56bd45f"><testcase classname="backend.tests.test_bobin_kg_refactor.TestLogin" name="test_user_login_success" time="0.519" /><testcase classname="backend.tests.test_bobin_kg_refactor.TestLogin" name="test_management_login_wrong_then_right" time="0.833" /><testcase classname="backend.tests.test_bobin_kg_refactor.TestLogin" name="test_dashboard_login_wrong_then_right" time="0.306" /><testcase classname="backend.tests.test_bobin_kg_refactor.TestLogin" name="test_user_login_rate_limit_cgnat_friendly" time="11.287" /><testcase classname="backend.tests.test_bobin_kg_refactor.TestBobinKgOnly" name="test_create_bobin_kg" time="0.513" /><testcase classname="backend.tests.test_bobin_kg_refactor.TestBobinKgOnly" name="test_create_bobin_zero_weight_rejected" time="0.159" /><testcase classname="backend.tests.test_bobin_kg_refactor.TestBobinKgOnly" name="test_patch_bobin" time="0.314" /><testcase classname="backend.tests.test_bobin_kg_refactor.TestBobinKgOnly" name="test_purchase_kg" time="0.137" /><testcase classname="backend.tests.test_bobin_kg_refactor.TestBobinKgOnly" name="test_to_machine_external_destination" time="0.178" /><testcase classname="backend.tests.test_bobin_kg_refactor.TestBobinKgOnly" name="test_sale_kg" time="0.132" /><testcase classname="backend.tests.test_bobin_kg_refactor.TestBobinKgOnly" name="test_movements_listed" time="0.185" /><testcase classname="backend.tests.test_bobin_kg_refactor.TestBobinKgOnly" name="test_export_xlsx" time="0.158" /><testcase classname="backend.tests.test_bobin_kg_refactor.TestBobinKgOnly" name="test_delete_blocked_when_weight" time="0.130" /><testcase classname="backend.tests.test_bobin_kg_refactor.TestBobinKgOnly" name="test_delete_after_zeroing" time="0.482" /></testsuite></testsuites>