<?xml version="1.0" encoding="utf-8"?><testsuites name="pytest tests"><testsuite name="pytest" errors="0" failures="0" skipped="0" tests="6" time="1.161" timestamp="2026-06-05T18:02:16.250119+00:00" hostname="agent-env-2cb24007-c98f-4db8-9f8e-8af9a56bd45f"><testcase classname="backend.tests.test_iteration40_thumb_chain" name="test_login_refresh_token_regression" time="0.267" /><testcase classname="backend.tests.test_iteration40_thumb_chain" name="test_jobs_thumb_url_present" time="0.112" /><testcase classname="backend.tests.test_iteration40_thumb_chain" name="test_export_has_operator_zinciri_sheet" time="0.077" /><testcase classname="backend.tests.test_iteration40_thumb_chain" name="test_export_operator_performance_no_double_credit" time="0.073" /><testcase classname="backend.tests.test_iteration40_thumb_chain" name="test_change_operator_creates_partial_shift_report" time="0.214" /><testcase classname="backend.tests.test_iteration40_thumb_chain" name="test_change_operator_validation" time="0.213" /></testsuite></testsuites>