<?xml version="1.0" encoding="utf-8"?><testsuites name="pytest tests"><testsuite name="pytest" errors="0" failures="0" skipped="0" tests="18" time="2.368" timestamp="2026-03-10T19:30:44.998707+00:00" hostname="agent-env-2c38d060-4052-4df5-95e3-87faed46a2cc"><testcase classname="backend.tests.test_job_regression.TestHealthAndBasicAPIs" name="test_health_check" time="0.240" /><testcase classname="backend.tests.test_job_regression.TestHealthAndBasicAPIs" name="test_get_machines" time="0.055" /><testcase classname="backend.tests.test_job_regression.TestHealthAndBasicAPIs" name="test_get_jobs" time="0.056" /><testcase classname="backend.tests.test_job_regression.TestHealthAndBasicAPIs" name="test_get_shifts_current" time="0.094" /><testcase classname="backend.tests.test_job_regression.TestHealthAndBasicAPIs" name="test_get_shifts_status" time="0.054" /><testcase classname="backend.tests.test_job_regression.TestHealthAndBasicAPIs" name="test_get_pallets" time="0.047" /><testcase classname="backend.tests.test_job_regression.TestJobManagement" name="test_create_job" time="0.093" /><testcase classname="backend.tests.test_job_regression.TestJobManagement" name="test_start_job" time="0.217" /><testcase classname="backend.tests.test_job_regression.TestJobManagement" name="test_complete_job" time="0.585" /><testcase classname="backend.tests.test_job_regression.TestJobManagement" name="test_edit_job" time="0.145" /><testcase classname="backend.tests.test_job_regression.TestWarehousePallets" name="test_create_pallet_with_code" time="0.058" /><testcase classname="backend.tests.test_job_regression.TestWarehousePallets" name="test_create_pallet_with_code_field" time="0.046" /><testcase classname="backend.tests.test_job_regression.TestUserLogins" name="test_operator_login_success" time="0.052" /><testcase classname="backend.tests.test_job_regression.TestUserLogins" name="test_operator_login_invalid_password" time="0.052" /><testcase classname="backend.tests.test_job_regression.TestUserLogins" name="test_get_users_list" time="0.048" /><testcase classname="backend.tests.test_job_regression.TestAnalytics" name="test_weekly_analytics" time="0.064" /><testcase classname="backend.tests.test_job_regression.TestAnalytics" name="test_monthly_analytics" time="0.066" /><testcase classname="backend.tests.test_job_regression.TestCleanup" name="test_cleanup_test_jobs" time="0.292" /></testsuite></testsuites>