<?xml version="1.0" encoding="utf-8"?><testsuites name="pytest tests"><testsuite name="pytest" errors="0" failures="0" skipped="0" tests="13" time="64.122" timestamp="2026-04-07T17:23:59.778415+00:00" hostname="agent-env-ad782d85-771a-4bed-9d31-2bb9922099c5"><testcase classname="backend.tests.test_management_ai.TestManagementAIOverview" name="test_management_overview_returns_200" time="8.166" /><testcase classname="backend.tests.test_management_ai.TestManagementAIOverview" name="test_management_overview_has_overview_text" time="9.302" /><testcase classname="backend.tests.test_management_ai.TestManagementAIOverview" name="test_management_overview_has_stats_object" time="7.822" /><testcase classname="backend.tests.test_management_ai.TestManagementAIOverview" name="test_management_overview_stats_are_numeric" time="8.719" /><testcase classname="backend.tests.test_management_ai.TestManagementAIOverview" name="test_management_overview_turkish_response" time="9.234" /><testcase classname="backend.tests.test_management_ai.TestManagementAIChat" name="test_management_chat_returns_200" time="1.641" /><testcase classname="backend.tests.test_management_ai.TestManagementAIChat" name="test_management_chat_response_structure" time="2.398" /><testcase classname="backend.tests.test_management_ai.TestManagementAIChat" name="test_management_chat_turkish_response" time="1.375" /><testcase classname="backend.tests.test_management_ai.TestManagementAIChat" name="test_management_chat_session_continuity" time="5.331" /><testcase classname="backend.tests.test_management_ai.TestManagementAIChat" name="test_management_chat_missing_message_returns_422" time="0.214" /><testcase classname="backend.tests.test_management_ai.TestManagementAIChat" name="test_management_chat_empty_message_handled" time="3.206" /><testcase classname="backend.tests.test_management_ai.TestOperatorAIRegression" name="test_operator_suggestion_still_works" time="4.883" /><testcase classname="backend.tests.test_management_ai.TestOperatorAIRegression" name="test_operator_chat_still_works" time="1.767" /></testsuite></testsuites>