<?xml version="1.0" encoding="utf-8"?><testsuites name="pytest tests"><testsuite name="pytest" errors="0" failures="0" skipped="0" tests="8" time="5.829" timestamp="2026-04-09T19:24:23.071654+00:00" hostname="agent-env-a43d6619-8811-4858-b00a-669c79caa8b4"><testcase classname="backend.tests.test_new_features.TestTransferHistory" name="test_quick_transfer_records_history" time="0.786" /><testcase classname="backend.tests.test_new_features.TestTransferHistory" name="test_split_transfer_preserves_history" time="0.786" /><testcase classname="backend.tests.test_new_features.TestRemainingKoliTracking" name="test_approve_report_accumulates_completed_koli" time="0.862" /><testcase classname="backend.tests.test_new_features.TestRemainingKoliTracking" name="test_request_shift_end_uses_remaining_koli" time="0.600" /><testcase classname="backend.tests.test_new_features.TestAutoResumeOnShiftStart" name="test_shift_start_auto_resumes_partial_jobs" time="1.459" /><testcase classname="backend.tests.test_new_features.TestAutoResumeOnShiftStart" name="test_shift_start_response_includes_resumed_count" time="1.003" /><testcase classname="backend.tests.test_new_features.TestExistingData" name="test_et_yiyelim_has_transfer_history" time="0.128" /><testcase classname="backend.tests.test_new_features.TestExistingData" name="test_laluna_has_partial_completion" time="0.139" /></testsuite></testsuites>