<?xml version="1.0" encoding="utf-8"?><testsuites name="pytest tests"><testsuite name="pytest" errors="0" failures="0" skipped="0" tests="16" time="1.494" timestamp="2026-01-23T18:37:31.300634+00:00" hostname="agent-env-9c758ee5-bd2e-4bef-b63f-baa26b3d6a04"><testcase classname="backend.tests.test_paint_module.TestPaintInit" name="test_init_paints" time="0.100" /><testcase classname="backend.tests.test_paint_module.TestPaintCRUD" name="test_get_all_paints" time="0.035" /><testcase classname="backend.tests.test_paint_module.TestPaintCRUD" name="test_beyaz_has_initial_stock" time="0.038" /><testcase classname="backend.tests.test_paint_module.TestPaintTransactions" name="test_add_stock" time="0.129" /><testcase classname="backend.tests.test_paint_module.TestPaintTransactions" name="test_remove_stock_success" time="0.175" /><testcase classname="backend.tests.test_paint_module.TestPaintTransactions" name="test_remove_stock_insufficient" time="0.080" /><testcase classname="backend.tests.test_paint_module.TestPaintTransactions" name="test_to_machine" time="0.203" /><testcase classname="backend.tests.test_paint_module.TestPaintTransactions" name="test_from_machine" time="0.155" /><testcase classname="backend.tests.test_paint_module.TestPaintTransactions" name="test_invalid_movement_type" time="0.078" /><testcase classname="backend.tests.test_paint_module.TestPaintTransactions" name="test_paint_not_found" time="0.050" /><testcase classname="backend.tests.test_paint_module.TestPaintMovements" name="test_get_all_movements" time="0.038" /><testcase classname="backend.tests.test_paint_module.TestPaintMovements" name="test_get_movements_with_limit" time="0.038" /><testcase classname="backend.tests.test_paint_module.TestPaintMovements" name="test_get_movements_by_paint" time="0.074" /><testcase classname="backend.tests.test_paint_module.TestPaintAnalytics" name="test_weekly_analytics" time="0.039" /><testcase classname="backend.tests.test_paint_module.TestPaintAnalytics" name="test_monthly_analytics" time="0.040" /><testcase classname="backend.tests.test_paint_module.TestMachinesEndpoint" name="test_get_machines" time="0.037" /></testsuite></testsuites>