<?xml version="1.0" encoding="utf-8"?><testsuites name="pytest tests"><testsuite name="pytest" errors="0" failures="0" skipped="0" tests="11" time="4.399" timestamp="2026-04-09T19:03:17.905383+00:00" hostname="agent-env-a43d6619-8811-4858-b00a-669c79caa8b4"><testcase classname="backend.tests.test_quick_transfer.TestQuickTransferFeature" name="test_quick_transfer_pending_job_simple" time="0.712" /><testcase classname="backend.tests.test_quick_transfer.TestQuickTransferFeature" name="test_quick_transfer_paused_job_with_produced_koli" time="0.502" /><testcase classname="backend.tests.test_quick_transfer.TestQuickTransferFeature" name="test_quick_transfer_complete_when_all_produced" time="0.439" /><testcase classname="backend.tests.test_quick_transfer.TestQuickTransferFeature" name="test_quick_transfer_reject_in_progress_job" time="0.341" /><testcase classname="backend.tests.test_quick_transfer.TestQuickTransferFeature" name="test_quick_transfer_reject_completed_job" time="0.405" /><testcase classname="backend.tests.test_quick_transfer.TestQuickTransferFeature" name="test_quick_transfer_reject_missing_target_machine" time="0.270" /><testcase classname="backend.tests.test_quick_transfer.TestQuickTransferFeature" name="test_quick_transfer_reject_invalid_job_id" time="0.161" /><testcase classname="backend.tests.test_quick_transfer.TestQuickTransferFeature" name="test_quick_transfer_reject_invalid_target_machine" time="0.323" /><testcase classname="backend.tests.test_quick_transfer.TestQuickTransferFeature" name="test_quick_transfer_audit_log" time="0.346" /><testcase classname="backend.tests.test_quick_transfer.TestQuickTransferEdgeCases" name="test_transfer_preserves_job_details" time="0.559" /><testcase classname="backend.tests.test_quick_transfer.TestQuickTransferEdgeCases" name="test_transfer_to_same_machine_allowed" time="0.267" /></testsuite></testsuites>