<?xml version="1.0" encoding="utf-8"?><testsuites name="pytest tests"><testsuite name="pytest" errors="0" failures="0" skipped="0" tests="22" time="4.439" timestamp="2026-04-15T15:32:40.504645+00:00" hostname="agent-env-a43d6619-8811-4858-b00a-669c79caa8b4"><testcase classname="tests.test_refactoring_validation.TestHealthEndpoints" name="test_api_root" time="0.289" /><testcase classname="tests.test_refactoring_validation.TestHealthEndpoints" name="test_api_health" time="0.148" /><testcase classname="tests.test_refactoring_validation.TestAuthenticationEndpoints" name="test_management_login_success" time="0.120" /><testcase classname="tests.test_refactoring_validation.TestAuthenticationEndpoints" name="test_management_login_wrong_password" time="0.175" /><testcase classname="tests.test_refactoring_validation.TestAuthenticationEndpoints" name="test_operator_login_success" time="0.391" /><testcase classname="tests.test_refactoring_validation.TestAuthenticationEndpoints" name="test_plan_login_success" time="0.408" /><testcase classname="tests.test_refactoring_validation.TestAuthenticationEndpoints" name="test_depo_login_success" time="0.427" /><testcase classname="tests.test_refactoring_validation.TestAuthenticationEndpoints" name="test_user_login_wrong_credentials" time="0.344" /><testcase classname="tests.test_refactoring_validation.TestMachinesEndpoints" name="test_get_machines" time="0.173" /><testcase classname="tests.test_refactoring_validation.TestJobsEndpoints" name="test_get_jobs" time="0.119" /><testcase classname="tests.test_refactoring_validation.TestDashboardEndpoints" name="test_dashboard_live" time="0.118" /><testcase classname="tests.test_refactoring_validation.TestAnalyticsEndpoints" name="test_analytics_weekly" time="0.109" /><testcase classname="tests.test_refactoring_validation.TestAuditLogsEndpoints" name="test_get_audit_logs" time="0.111" /><testcase classname="tests.test_refactoring_validation.TestPaintsEndpoints" name="test_get_paints" time="0.205" /><testcase classname="tests.test_refactoring_validation.TestDefectsEndpoints" name="test_get_defects" time="0.136" /><testcase classname="tests.test_refactoring_validation.TestShiftsEndpoints" name="test_get_current_shift" time="0.121" /><testcase classname="tests.test_refactoring_validation.TestLogisticsEndpoints" name="test_get_vehicles" time="0.175" /><testcase classname="tests.test_refactoring_validation.TestLogisticsEndpoints" name="test_get_drivers" time="0.107" /><testcase classname="tests.test_refactoring_validation.TestLogisticsEndpoints" name="test_get_shipments" time="0.160" /><testcase classname="tests.test_refactoring_validation.TestPalletsEndpoints" name="test_get_pallets" time="0.100" /><testcase classname="tests.test_refactoring_validation.TestProtectedEndpoints" name="test_get_users_requires_auth" time="0.129" /><testcase classname="tests.test_refactoring_validation.TestProtectedEndpoints" name="test_get_users_with_auth" time="0.280" /></testsuite></testsuites>