<?xml version="1.0" encoding="utf-8"?><testsuites name="pytest tests"><testsuite name="pytest" errors="0" failures="0" skipped="0" tests="18" time="5.295" timestamp="2026-04-15T15:06:43.424529+00:00" hostname="agent-env-a43d6619-8811-4858-b00a-669c79caa8b4"><testcase classname="backend.tests.test_security_auth.TestUserLogin" name="test_operator_login_returns_jwt_token" time="0.440" /><testcase classname="backend.tests.test_security_auth.TestUserLogin" name="test_operator_login_rejects_wrong_password" time="0.346" /><testcase classname="backend.tests.test_security_auth.TestUserLogin" name="test_plan_login_returns_jwt_token" time="0.351" /><testcase classname="backend.tests.test_security_auth.TestUserLogin" name="test_login_response_excludes_password" time="0.343" /><testcase classname="backend.tests.test_security_auth.TestManagementLogin" name="test_management_login_returns_jwt_token" time="0.109" /><testcase classname="backend.tests.test_security_auth.TestManagementLogin" name="test_management_login_rejects_wrong_password" time="0.121" /><testcase classname="backend.tests.test_security_auth.TestProtectedEndpoints" name="test_get_users_without_token_returns_401" time="0.131" /><testcase classname="backend.tests.test_security_auth.TestProtectedEndpoints" name="test_get_users_with_valid_token_returns_list" time="0.517" /><testcase classname="backend.tests.test_security_auth.TestProtectedEndpoints" name="test_users_list_excludes_password" time="0.470" /><testcase classname="backend.tests.test_security_auth.TestProtectedEndpoints" name="test_create_user_requires_token" time="0.113" /><testcase classname="backend.tests.test_security_auth.TestProtectedEndpoints" name="test_delete_user_requires_token" time="0.118" /><testcase classname="backend.tests.test_security_auth.TestPublicEndpoints" name="test_tracking_endpoint_is_public" time="0.311" /><testcase classname="backend.tests.test_security_auth.TestPublicEndpoints" name="test_health_endpoint_is_public" time="0.125" /><testcase classname="backend.tests.test_security_auth.TestPublicEndpoints" name="test_machines_endpoint_is_public" time="0.118" /><testcase classname="backend.tests.test_security_auth.TestPublicEndpoints" name="test_jobs_endpoint_is_public" time="0.193" /><testcase classname="backend.tests.test_security_auth.TestBcryptPasswordStorage" name="test_passwords_are_bcrypt_hashed" time="1.068" /><testcase classname="backend.tests.test_security_auth.TestTokenValidation" name="test_invalid_token_rejected" time="0.204" /><testcase classname="backend.tests.test_security_auth.TestTokenValidation" name="test_malformed_auth_header_rejected" time="0.146" /></testsuite></testsuites>