<?xml version="1.0" encoding="utf-8"?><testsuites name="pytest tests"><testsuite name="pytest" errors="0" failures="0" skipped="0" tests="34" time="22.564" timestamp="2026-04-15T15:46:52.380267+00:00" hostname="agent-env-a43d6619-8811-4858-b00a-669c79caa8b4"><testcase classname="backend.tests.test_security_auth.TestPublicEndpoints" name="test_health_endpoint_public" time="0.168" /><testcase classname="backend.tests.test_security_auth.TestPublicEndpoints" name="test_root_endpoint_public" time="0.112" /><testcase classname="backend.tests.test_security_auth.TestPublicEndpoints" name="test_operator_login_public" time="0.338" /><testcase classname="backend.tests.test_security_auth.TestPublicEndpoints" name="test_management_login_public" time="0.131" /><testcase classname="backend.tests.test_security_auth.TestPublicEndpoints" name="test_dashboard_login_public" time="0.127" /><testcase classname="backend.tests.test_security_auth.TestPublicEndpoints" name="test_dashboard_login_wrong_password" time="0.421" /><testcase classname="backend.tests.test_security_auth.TestPublicEndpoints" name="test_tracking_endpoint_public" time="0.108" /><testcase classname="backend.tests.test_security_auth.TestPublicEndpoints" name="test_visitors_log_public" time="0.114" /><testcase classname="backend.tests.test_security_auth.TestPublicEndpoints" name="test_drivers_login_wrong_creds" time="0.153" /><testcase classname="backend.tests.test_security_auth.TestProtectedEndpointsWithoutToken" name="test_machines_requires_auth" time="0.107" /><testcase classname="backend.tests.test_security_auth.TestProtectedEndpointsWithoutToken" name="test_jobs_requires_auth" time="0.113" /><testcase classname="backend.tests.test_security_auth.TestProtectedEndpointsWithoutToken" name="test_dashboard_live_requires_auth" time="0.116" /><testcase classname="backend.tests.test_security_auth.TestProtectedEndpointsWithoutToken" name="test_analytics_weekly_requires_auth" time="0.146" /><testcase classname="backend.tests.test_security_auth.TestProtectedEndpointsWithoutToken" name="test_paints_requires_auth" time="0.199" /><testcase classname="backend.tests.test_security_auth.TestProtectedEndpointsWithoutToken" name="test_shifts_current_requires_auth" time="0.115" /><testcase classname="backend.tests.test_security_auth.TestProtectedEndpointsWithoutToken" name="test_defects_requires_auth" time="0.186" /><testcase classname="backend.tests.test_security_auth.TestProtectedEndpointsWithoutToken" name="test_audit_logs_requires_auth" time="0.126" /><testcase classname="backend.tests.test_security_auth.TestProtectedEndpointsWithoutToken" name="test_vehicles_requires_auth" time="0.181" /><testcase classname="backend.tests.test_security_auth.TestProtectedEndpointsWithoutToken" name="test_drivers_requires_auth" time="0.432" /><testcase classname="backend.tests.test_security_auth.TestProtectedEndpointsWithoutToken" name="test_visitors_stats_requires_auth" time="1.449" /><testcase classname="backend.tests.test_security_auth.TestProtectedEndpointsWithoutToken" name="test_pallets_requires_auth" time="0.635" /><testcase classname="backend.tests.test_security_auth.TestProtectedEndpointsWithToken" name="test_machines_with_token" time="1.356" /><testcase classname="backend.tests.test_security_auth.TestProtectedEndpointsWithToken" name="test_jobs_with_token" time="0.500" /><testcase classname="backend.tests.test_security_auth.TestProtectedEndpointsWithToken" name="test_dashboard_live_with_token" time="0.503" /><testcase classname="backend.tests.test_security_auth.TestProtectedEndpointsWithToken" name="test_analytics_weekly_with_token" time="2.327" /><testcase classname="backend.tests.test_security_auth.TestProtectedEndpointsWithToken" name="test_paints_with_token" time="1.014" /><testcase classname="backend.tests.test_security_auth.TestProtectedEndpointsWithToken" name="test_shifts_current_with_token" time="0.629" /><testcase classname="backend.tests.test_security_auth.TestProtectedEndpointsWithToken" name="test_defects_with_token" time="2.269" /><testcase classname="backend.tests.test_security_auth.TestProtectedEndpointsWithToken" name="test_audit_logs_with_token" time="1.032" /><testcase classname="backend.tests.test_security_auth.TestAllLoginFlows" name="test_operator_login_flow" time="2.365" /><testcase classname="backend.tests.test_security_auth.TestAllLoginFlows" name="test_plan_login_flow" time="0.961" /><testcase classname="backend.tests.test_security_auth.TestAllLoginFlows" name="test_warehouse_login_flow" time="1.709" /><testcase classname="backend.tests.test_security_auth.TestAllLoginFlows" name="test_management_login_flow" time="1.950" /><testcase classname="backend.tests.test_security_auth.TestAllLoginFlows" name="test_dashboard_login_flow" time="0.374" /></testsuite></testsuites>