<?xml version="1.0" encoding="utf-8"?><testsuites name="pytest tests"><testsuite name="pytest" errors="0" failures="0" skipped="0" tests="11" time="0.663" timestamp="2026-02-09T20:19:08.885470+00:00" hostname="agent-env-805bfd78-8ba2-49a6-a165-8209637ce0f4"><testcase classname="backend.tests.test_shift_approval.TestShiftApprovalWorkflow" name="test_01_health_check" time="0.081" /><testcase classname="backend.tests.test_shift_approval.TestShiftApprovalWorkflow" name="test_02_get_pending_reports_empty" time="0.038" /><testcase classname="backend.tests.test_shift_approval.TestShiftApprovalWorkflow" name="test_03_get_shift_status" time="0.035" /><testcase classname="backend.tests.test_shift_approval.TestShiftApprovalWorkflow" name="test_04_create_operator_report" time="0.037" /><testcase classname="backend.tests.test_shift_approval.TestShiftApprovalWorkflow" name="test_05_verify_report_in_pending" time="0.047" /><testcase classname="backend.tests.test_shift_approval.TestShiftApprovalWorkflow" name="test_06_approve_individual_report" time="0.056" /><testcase classname="backend.tests.test_shift_approval.TestShiftApprovalWorkflow" name="test_07_approve_nonexistent_report" time="0.037" /><testcase classname="backend.tests.test_shift_approval.TestShiftApprovalWorkflow" name="test_08_approve_completed_job_report" time="0.051" /><testcase classname="backend.tests.test_shift_approval.TestShiftApprovalWorkflow" name="test_09_create_multiple_reports_for_approve_all" time="0.053" /><testcase classname="backend.tests.test_shift_approval.TestShiftApprovalWorkflow" name="test_10_approve_all_and_end_shift" time="0.057" /><testcase classname="backend.tests.test_shift_approval.TestPendingReportsDataStructure" name="test_pending_report_structure" time="0.107" /></testsuite></testsuites>