<?xml version="1.0" encoding="utf-8"?><testsuites name="pytest tests"><testsuite name="pytest" errors="0" failures="0" skipped="0" tests="12" time="2.696" timestamp="2026-06-28T15:12:35.300721+00:00" hostname="agent-env-88fa7e30-df1e-46b0-8db2-80fd927e6944"><testcase classname="backend.tests.test_warehouse_assign" name="test_warehouse_summary_structure" time="0.817" /><testcase classname="backend.tests.test_warehouse_assign" name="test_warehouse_summary_requires_auth" time="0.132" /><testcase classname="backend.tests.test_warehouse_assign" name="test_transfer_bobin_to_depo1" time="0.256" /><testcase classname="backend.tests.test_warehouse_assign" name="test_transfer_marka_to_depo2" time="0.209" /><testcase classname="backend.tests.test_warehouse_assign" name="test_transfer_to_unassigned_empty_string" time="0.234" /><testcase classname="backend.tests.test_warehouse_assign" name="test_transfer_invalid_warehouse" time="0.110" /><testcase classname="backend.tests.test_warehouse_assign" name="test_transfer_invalid_item_type" time="0.100" /><testcase classname="backend.tests.test_warehouse_assign" name="test_transfer_unknown_item" time="0.103" /><testcase classname="backend.tests.test_warehouse_assign" name="test_list_transfers_basic" time="0.142" /><testcase classname="backend.tests.test_warehouse_assign" name="test_list_transfers_filter_bobin_depo1" time="0.228" /><testcase classname="backend.tests.test_warehouse_assign" name="test_create_bobin_with_depo1" time="0.199" /><testcase classname="backend.tests.test_warehouse_assign" name="test_create_brand_stock_with_depo2" time="0.103" /></testsuite></testsuites>